<?xml version="1.0" encoding="UTF-8"?>
<!-- Generated by org.testng.reporters.JUnitReportReporter -->
<testsuite hostname="DESKTOP-HOOC03B" failures="0" tests="1" name="testNgDemo.demoTestNg" time="0.027" errors="0" timestamp="2022-05-20T09:30:10 IST" skipped="0">
  <testcase classname="testNgDemo.demoTestNg" name="f" time="0.027"/>
  <system-out/>
</testsuite> <!-- testNgDemo.demoTestNg -->
