<?xml version="1.0" encoding="UTF-8"?>
<!-- Generated by org.testng.reporters.JUnitReportReporter -->
<testsuite hostname="DESKTOP-HOOC03B" failures="0" tests="1" name="cucumber_learning.Runner_TestNg" time="0.281" errors="0" timestamp="2022-05-19T13:57:05 IST" skipped="0">
  <testcase classname="cucumber_learning.Runner_TestNg" name="runScenario" time="0.281"/>
  <system-out/>
</testsuite> <!-- cucumber_learning.Runner_TestNg -->
